<?xml version="1.0" encoding="UTF-8"?>
<!-- Generated by org.testng.reporters.JUnitReportReporter -->
<testsuite hostname="KUTT" failures="0" tests="1" name="testCasePackage.TC001_LocatorLearning" time="17.725" errors="0" timestamp="2022-03-26T01:46:01 BDT" skipped="0">
  <testcase classname="testCasePackage.TC001_LocatorLearning" name="locatorLearning" time="17.725"/>
  <system-out/>
</testsuite> <!-- testCasePackage.TC001_LocatorLearning -->
